c:\keybashy\keybashy\keybashy\debug\vc142.pdb
c:\keybashy\keybashy\keybashy\debug\vc142.idb
c:\keybashy\keybashy\keybashy\debug\main.obj
c:\keybashy\keybashy\keybashy\debug\animation.obj
c:\keybashy\keybashy\keybashy\debug\icharacter.obj
c:\keybashy\keybashy\keybashy\debug\enemy1.obj
c:\keybashy\keybashy\keybashy\debug\collider.obj
c:\keybashy\keybashy\keybashy\debug\bashyterminal.obj
c:\keybashy\keybashy\keybashy\debug\platform.obj
c:\keybashy\keybashy\keybashy\debug\playing.obj
c:\keybashy\keybashy\keybashy\debug\menu.obj
c:\keybashy\keybashy\keybashy\debug\enemy2.obj
c:\keybashy\keybashy\keybashy\debug\stagetest.obj
c:\keybashy\keybashy\keybashy\debug\stageloader.obj
c:\keybashy\keybashy\keybashy\debug\loadstage.obj
c:\keybashy\keybashy\keybashy\debug\basicenemy.obj
c:\keybashy\keybashy\keybashy\debug\tutorialstage.obj
c:\keybashy\keybashy\keybashy\debug\enemy3.obj
c:\keybashy\keybashy\keybashy\debug\mainstage.obj
c:\keybashy\keybashy\keybashy\debug\stagemenu.obj
c:\keybashy\keybashy\debug\keybashy.exe
c:\keybashy\keybashy\debug\keybashy.ilk
c:\keybashy\keybashy\debug\keybashy.pdb
c:\keybashy\keybashy\keybashy\debug\keybashy.tlog\cl.command.1.tlog
c:\keybashy\keybashy\keybashy\debug\keybashy.tlog\cl.read.1.tlog
c:\keybashy\keybashy\keybashy\debug\keybashy.tlog\cl.write.1.tlog
c:\keybashy\keybashy\keybashy\debug\keybashy.tlog\link.command.1.tlog
c:\keybashy\keybashy\keybashy\debug\keybashy.tlog\link.read.1.tlog
c:\keybashy\keybashy\keybashy\debug\keybashy.tlog\link.write.1.tlog
